<?xml version="1.0" encoding="UTF-8"?>
<!-- Generated by org.testng.reporters.JUnitXMLReporter -->
<testsuite ignored="0" hostname="DESKTOP-GTM5910" failures="0" tests="3" name="Default test" time="3.102" errors="0" timestamp="2023-08-15T13:55:34 IST">
  <testcase classname="advance.AddAttachment" name="logintoJira" time="1.459"/>
  <testcase classname="advance.AddAttachment" name="Createuserstory" time="0.41"/>
  <testcase classname="advance.AddAttachment" name="addAttachment" time="1.18"/>
</testsuite> <!-- Default test -->
